\BOOKMARK [1][-]{section.1}{\376\377\000C\000y\000b\000e\000r\000s\000e\000c\000u\000r\000i\000t\000y\000\040\000F\000u\000n\000d\000a\000m\000e\000n\000t\000a\000l\000s\000\040\000a\000n\000d\000\040\000P\000e\000n\000e\000t\000r\000a\000t\000i\000o\000n\000\040\000T\000e\000s\000t\000i\000n\000g}{}% 1
\BOOKMARK [2][-]{subsection.1.1}{\376\377\000E\000s\000s\000e\000n\000t\000i\000a\000l\000\040\000P\000r\000o\000t\000o\000c\000o\000l\000s\000\040\000a\000n\000d\000\040\000P\000o\000r\000t\000s}{section.1}% 2
\BOOKMARK [2][-]{subsection.1.2}{\376\377\000T\000y\000p\000e\000s\000\040\000o\000f\000\040\000H\000a\000c\000k\000e\000r\000s}{section.1}% 3
\BOOKMARK [2][-]{subsection.1.3}{\376\377\000P\000e\000n\000e\000t\000r\000a\000t\000i\000o\000n\000\040\000T\000e\000s\000t\000i\000n\000g\000\040\000\050\000P\000e\000n\000T\000e\000s\000t\000i\000n\000g\000\051}{section.1}% 4
\BOOKMARK [2][-]{subsection.1.4}{\376\377\000P\000e\000n\000e\000t\000r\000a\000t\000i\000o\000n\000\040\000T\000e\000s\000t\000i\000n\000g\000\040\000S\000t\000a\000g\000e\000s}{section.1}% 5
\BOOKMARK [2][-]{subsection.1.5}{\376\377\000O\000W\000A\000S\000P\000\040\000a\000n\000d\000\040\000t\000h\000e\000\040\000T\000o\000p\000\040\000T\000e\000n}{section.1}% 6
\BOOKMARK [2][-]{subsection.1.6}{\376\377\000O\000W\000A\000S\000P\000\040\000T\000o\000p\000\040\000T\000e\000n\000\040\000\050\0002\0000\0002\0001\000\051}{section.1}% 7
\BOOKMARK [2][-]{subsection.1.7}{\376\377\000A\0001\000:\000\040\000B\000r\000o\000k\000e\000n\000\040\000A\000c\000c\000e\000s\000s\000\040\000C\000o\000n\000t\000r\000o\000l}{section.1}% 8
\BOOKMARK [1][-]{section.2}{\376\377\000V\000u\000l\000n\000e\000r\000a\000b\000i\000l\000i\000t\000i\000e\000s}{}% 9
\BOOKMARK [1][-]{section.3}{\376\377\000W\000e\000b\000\040\000H\000T\000T\000P\000\040\000M\000e\000t\000h\000o\000d\000s}{}% 10
\BOOKMARK [1][-]{section.4}{\376\377\000H\000T\000T\000P\000\040\000S\000t\000a\000t\000u\000s\000\040\000C\000o\000d\000e\000s}{}% 11
\BOOKMARK [1][-]{section.5}{\376\377\000H\000o\000w\000\040\000t\000o\000\040\000P\000r\000e\000v\000e\000n\000t\000\040\000V\000u\000l\000n\000e\000r\000a\000b\000i\000l\000i\000t\000i\000e\000s}{}% 12
\BOOKMARK [1][-]{section.6}{\376\377\000C\000r\000y\000p\000t\000o\000g\000r\000a\000p\000h\000i\000c\000\040\000F\000a\000i\000l\000u\000r\000e\000s}{}% 13
\BOOKMARK [1][-]{section.7}{\376\377\000I\000d\000e\000n\000t\000i\000f\000y\000i\000n\000g\000\040\000C\000r\000y\000p\000t\000o\000g\000r\000a\000p\000h\000i\000c\000\040\000V\000u\000l\000n\000e\000r\000a\000b\000i\000l\000i\000t\000i\000e\000s}{}% 14
\BOOKMARK [1][-]{section.8}{\376\377\000C\000l\000a\000s\000s\000i\000f\000y\000i\000n\000g\000\040\000D\000a\000t\000a}{}% 15
\BOOKMARK [2][-]{subsection.8.1}{\376\377\000D\000a\000t\000a\000\040\000S\000t\000o\000r\000a\000g\000e\000\040\000a\000n\000d\000\040\000T\000r\000a\000n\000s\000m\000i\000s\000s\000i\000o\000n}{section.8}% 16
\BOOKMARK [1][-]{section.9}{\376\377\000S\000e\000c\000u\000r\000e\000\040\000D\000a\000t\000a\000\040\000T\000r\000a\000n\000s\000m\000i\000s\000s\000i\000o\000n}{}% 17
\BOOKMARK [1][-]{section.10}{\376\377\000S\000e\000c\000u\000r\000e\000\040\000E\000m\000a\000i\000l}{}% 18
\BOOKMARK [1][-]{section.11}{\376\377\000C\000r\000e\000d\000i\000t\000\040\000C\000a\000r\000d\000s\000\040\000a\000n\000d\000\040\000D\000a\000t\000a\000\040\000S\000e\000c\000u\000r\000i\000t\000y}{}% 19
\BOOKMARK [2][-]{subsection.11.1}{\376\377\000P\000C\000I\000\040\000S\000t\000a\000n\000d\000a\000r\000d\000s}{section.11}% 20
\BOOKMARK [2][-]{subsection.11.2}{\376\377\000D\000a\000t\000a\000\040\000S\000t\000o\000r\000a\000g\000e\000\040\000B\000e\000s\000t\000\040\000P\000r\000a\000c\000t\000i\000c\000e\000s}{section.11}% 21
\BOOKMARK [2][-]{subsection.11.3}{\376\377\000P\000r\000e\000v\000e\000n\000t\000a\000t\000i\000v\000e\000\040\000M\000e\000a\000s\000u\000r\000e\000s}{section.11}% 22
\BOOKMARK [1][-]{section.12}{\376\377\000I\000n\000j\000e\000c\000t\000i\000o\000n\000\040\000A\000t\000t\000a\000c\000k\000s}{}% 23
\BOOKMARK [2][-]{subsection.12.1}{\376\377\000U\000n\000d\000e\000r\000s\000t\000a\000n\000d\000i\000n\000g\000\040\000I\000n\000j\000e\000c\000t\000i\000o\000n\000\040\000A\000t\000t\000a\000c\000k\000s}{section.12}% 24
\BOOKMARK [2][-]{subsection.12.2}{\376\377\000I\000d\000e\000n\000t\000i\000f\000y\000i\000n\000g\000\040\000V\000u\000l\000n\000e\000r\000a\000b\000l\000e\000\040\000A\000p\000p\000l\000i\000c\000a\000t\000i\000o\000n\000s}{section.12}% 25
\BOOKMARK [2][-]{subsection.12.3}{\376\377\000R\000e\000l\000a\000t\000i\000o\000n\000a\000l\000\040\000D\000a\000t\000a\000b\000a\000s\000e\000s}{section.12}% 26
\BOOKMARK [2][-]{subsection.12.4}{\376\377\000R\000e\000l\000a\000t\000i\000o\000n\000a\000l\000\040\000D\000a\000t\000a\000b\000a\000s\000e\000\040\000O\000p\000t\000i\000o\000n\000s}{section.12}% 27
\BOOKMARK [2][-]{subsection.12.5}{\376\377\000M\000y\000S\000Q\000L\000:\000\040\000A\000\040\000C\000l\000o\000s\000e\000r\000\040\000L\000o\000o\000k}{section.12}% 28
\BOOKMARK [2][-]{subsection.12.6}{\376\377\000T\000a\000b\000l\000e\000s\000,\000\040\000R\000o\000w\000s\000,\000\040\000a\000n\000d\000\040\000C\000o\000l\000u\000m\000n\000s}{section.12}% 29
\BOOKMARK [2][-]{subsection.12.7}{\376\377\000C\000R\000U\000D\000\040\000O\000p\000e\000r\000a\000t\000i\000o\000n\000s}{section.12}% 30
\BOOKMARK [1][-]{section.13}{\376\377\000S\000Q\000L\000:\000\040\000R\000e\000a\000d\000,\000\040\000C\000r\000e\000a\000t\000e\000,\000\040\000U\000p\000d\000a\000t\000e\000,\000\040\000a\000n\000d\000\040\000D\000e\000l\000e\000t\000e\000\040\000O\000p\000e\000r\000a\000t\000i\000o\000n\000s}{}% 31
\BOOKMARK [2][-]{subsection.13.1}{\376\377\000R\000e\000a\000d\000i\000n\000g\000\040\000D\000a\000t\000a\000\040\000w\000i\000t\000h\000\040\000S\000E\000L\000E\000C\000T}{section.13}% 32
\BOOKMARK [2][-]{subsection.13.2}{\376\377\000F\000i\000l\000t\000e\000r\000i\000n\000g\000\040\000D\000a\000t\000a\000\040\000w\000i\000t\000h\000\040\000t\000h\000e\000\040\000W\000H\000E\000R\000E\000\040\000C\000l\000a\000u\000s\000e}{section.13}% 33
\BOOKMARK [2][-]{subsection.13.3}{\376\377\000A\000d\000v\000a\000n\000c\000e\000d\000\040\000W\000H\000E\000R\000E\000\040\000C\000l\000a\000u\000s\000e\000\040\000E\000x\000a\000m\000p\000l\000e\000s}{section.13}% 34
\BOOKMARK [2][-]{subsection.13.4}{\376\377\000C\000r\000e\000a\000t\000i\000n\000g\000\040\000D\000a\000t\000a\000\040\000w\000i\000t\000h\000\040\000I\000N\000S\000E\000R\000T\000\040\000I\000N\000T\000O}{section.13}% 35
\BOOKMARK [2][-]{subsection.13.5}{\376\377\000U\000p\000d\000a\000t\000i\000n\000g\000\040\000D\000a\000t\000a\000\040\000w\000i\000t\000h\000\040\000U\000P\000D\000A\000T\000E}{section.13}% 36
\BOOKMARK [2][-]{subsection.13.6}{\376\377\000D\000e\000l\000e\000t\000i\000n\000g\000\040\000D\000a\000t\000a\000\040\000w\000i\000t\000h\000\040\000D\000E\000L\000E\000T\000E}{section.13}% 37
\BOOKMARK [2][-]{subsection.13.7}{\376\377\000E\000x\000a\000m\000p\000l\000e\000\040\000S\000Q\000L\000\040\000Q\000u\000e\000r\000y\000\040\000a\000n\000d\000\040\000D\000a\000t\000a}{section.13}% 38
\BOOKMARK [1][-]{section.14}{\376\377\000S\000Q\000L\000\040\000I\000n\000j\000e\000c\000t\000i\000o\000n\000:\000\040\000A\000\040\000S\000e\000c\000u\000r\000i\000t\000y\000\040\000V\000u\000l\000n\000e\000r\000a\000b\000i\000l\000i\000t\000y}{}% 39
\BOOKMARK [2][-]{subsection.14.1}{\376\377\000H\000o\000w\000\040\000S\000Q\000L\000\040\000I\000n\000j\000e\000c\000t\000i\000o\000n\000\040\000W\000o\000r\000k\000s}{section.14}% 40
\BOOKMARK [2][-]{subsection.14.2}{\376\377\000E\000x\000a\000m\000p\000l\000e\000\040\000o\000f\000\040\000S\000Q\000L\000\040\000I\000n\000j\000e\000c\000t\000i\000o\000n}{section.14}% 41
\BOOKMARK [1][-]{section.15}{\376\377\000I\000n\000s\000e\000c\000u\000r\000e\000\040\000D\000e\000s\000i\000g\000n}{}% 42
\BOOKMARK [2][-]{subsection.15.1}{\376\377\000I\000n\000t\000r\000o\000d\000u\000c\000t\000i\000o\000n\000\040\000t\000o\000\040\000I\000n\000s\000e\000c\000u\000r\000e\000\040\000D\000e\000s\000i\000g\000n\000\040\000\050\000A\0000\0004\000:\0002\0000\0002\0001\000\051}{section.15}% 43
\BOOKMARK [2][-]{subsection.15.2}{\376\377\000W\000h\000a\000t\000\040\000i\000s\000\040\000S\000e\000c\000u\000r\000e\000\040\000D\000e\000s\000i\000g\000n\000?}{section.15}% 44
\BOOKMARK [2][-]{subsection.15.3}{\376\377\000T\000h\000r\000e\000a\000t\000\040\000M\000o\000d\000e\000l\000i\000n\000g}{section.15}% 45
\BOOKMARK [2][-]{subsection.15.4}{\376\377\000D\000a\000t\000a\000\040\000C\000o\000n\000s\000i\000d\000e\000r\000a\000t\000i\000o\000n\000s}{section.15}% 46
\BOOKMARK [2][-]{subsection.15.5}{\376\377\000D\000a\000t\000a\000\040\000F\000l\000o\000w\000\040\000A\000n\000a\000l\000y\000s\000i\000s}{section.15}% 47
\BOOKMARK [2][-]{subsection.15.6}{\376\377\000S\000e\000c\000u\000r\000i\000t\000y\000\040\000A\000s\000s\000e\000s\000s\000m\000e\000n\000t\000\040\000a\000n\000d\000\040\000P\000r\000e\000v\000e\000n\000t\000i\000o\000n}{section.15}% 48
\BOOKMARK [1][-]{section.16}{\376\377\000P\000r\000e\000v\000e\000n\000t\000i\000n\000g\000\040\000C\000o\000m\000m\000o\000n\000\040\000A\000t\000t\000a\000c\000k\000s}{}% 49
\BOOKMARK [2][-]{subsection.16.1}{\376\377\000P\000r\000e\000v\000e\000n\000t\000i\000n\000g\000\040\000S\000Q\000L\000\040\000I\000n\000j\000e\000c\000t\000i\000o\000n\000,\000\040\000X\000S\000S\000,\000\040\000a\000n\000d\000\040\000C\000S\000R\000F}{section.16}% 50
\BOOKMARK [1][-]{section.17}{\376\377\000S\000e\000c\000u\000r\000i\000t\000y\000\040\000M\000i\000s\000c\000o\000n\000f\000i\000g\000u\000r\000a\000t\000i\000o\000n}{}% 51
\BOOKMARK [2][-]{subsection.17.1}{\376\377\000U\000n\000d\000e\000r\000s\000t\000a\000n\000d\000i\000n\000g\000\040\000S\000e\000c\000u\000r\000i\000t\000y\000\040\000M\000i\000s\000c\000o\000n\000f\000i\000g\000u\000r\000a\000t\000i\000o\000n}{section.17}% 52
\BOOKMARK [2][-]{subsection.17.2}{\376\377\000C\000o\000m\000m\000o\000n\000\040\000M\000i\000s\000c\000o\000n\000f\000i\000g\000u\000r\000a\000t\000i\000o\000n\000\040\000I\000s\000s\000u\000e\000s}{section.17}% 53
\BOOKMARK [2][-]{subsection.17.3}{\376\377\000W\000h\000y\000\040\000D\000o\000e\000s\000\040\000M\000i\000s\000c\000o\000n\000f\000i\000g\000u\000r\000a\000t\000i\000o\000n\000\040\000H\000a\000p\000p\000e\000n\000?}{section.17}% 54
\BOOKMARK [2][-]{subsection.17.4}{\376\377\000P\000r\000e\000v\000e\000n\000t\000i\000n\000g\000\040\000S\000e\000c\000u\000r\000i\000t\000y\000\040\000M\000i\000s\000c\000o\000n\000f\000i\000g\000u\000r\000a\000t\000i\000o\000n}{section.17}% 55
\BOOKMARK [1][-]{section.18}{\376\377\000V\000u\000l\000n\000e\000r\000a\000b\000l\000e\000\040\000a\000n\000d\000\040\000O\000u\000t\000d\000a\000t\000e\000d\000\040\000C\000o\000m\000p\000o\000n\000e\000n\000t\000s}{}% 56
\BOOKMARK [2][-]{subsection.18.1}{\376\377\000T\000h\000e\000\040\000P\000r\000o\000b\000l\000e\000m\000\040\000o\000f\000\040\000V\000u\000l\000n\000e\000r\000a\000b\000l\000e\000\040\000C\000o\000m\000p\000o\000n\000e\000n\000t\000s}{section.18}% 57
\BOOKMARK [2][-]{subsection.18.2}{\376\377\000I\000s\000\040\000Y\000o\000u\000r\000\040\000A\000p\000p\000l\000i\000c\000a\000t\000i\000o\000n\000\040\000V\000u\000l\000n\000e\000r\000a\000b\000l\000e\000?}{section.18}% 58
\BOOKMARK [2][-]{subsection.18.3}{\376\377\000W\000h\000y\000\040\000D\000o\000\040\000V\000u\000l\000n\000e\000r\000a\000b\000i\000l\000i\000t\000i\000e\000s\000\040\000E\000x\000i\000s\000t\000\040\000i\000n\000\040\000C\000o\000m\000p\000o\000n\000e\000n\000t\000s\000?}{section.18}% 59
\BOOKMARK [2][-]{subsection.18.4}{\376\377\000T\000o\000o\000l\000s\000\040\000f\000o\000r\000\040\000I\000d\000e\000n\000t\000i\000f\000y\000i\000n\000g\000\040\000V\000u\000l\000n\000e\000r\000a\000b\000l\000e\000\040\000C\000o\000m\000p\000o\000n\000e\000n\000t\000s}{section.18}% 60
\BOOKMARK [1][-]{section.19}{\376\377\000N\000P\000M\000\040\000a\000n\000d\000\040\000D\000e\000p\000e\000n\000d\000e\000n\000c\000y\000\040\000M\000a\000n\000a\000g\000e\000m\000e\000n\000t}{}% 61
\BOOKMARK [1][-]{section.20}{\376\377\000P\000r\000e\000v\000e\000n\000t\000i\000n\000g\000\040\000D\000e\000p\000e\000n\000d\000e\000n\000c\000y\000\040\000V\000u\000l\000n\000e\000r\000a\000b\000i\000l\000i\000t\000i\000e\000s}{}% 62
\BOOKMARK [2][-]{subsection.20.1}{\376\377\000B\000e\000s\000t\000\040\000P\000r\000a\000c\000t\000i\000c\000e\000s\000\040\000f\000o\000r\000\040\000D\000e\000p\000e\000n\000d\000e\000n\000c\000y\000\040\000M\000a\000n\000a\000g\000e\000m\000e\000n\000t}{section.20}% 63
\BOOKMARK [1][-]{section.21}{\376\377\000O\000W\000A\000S\000P\000\040\000A\0000\0007\000:\000\040\000I\000d\000e\000n\000t\000i\000f\000i\000c\000a\000t\000i\000o\000n\000\040\000a\000n\000d\000\040\000A\000u\000t\000h\000e\000n\000t\000i\000c\000a\000t\000i\000o\000n\000\040\000F\000a\000i\000l\000u\000r\000e\000s}{}% 64
\BOOKMARK [1][-]{section.22}{\376\377\000C\000o\000m\000m\000o\000n\000\040\000A\000u\000t\000h\000e\000n\000t\000i\000c\000a\000t\000i\000o\000n\000\040\000V\000u\000l\000n\000e\000r\000a\000b\000i\000l\000i\000t\000i\000e\000s}{}% 65
\BOOKMARK [1][-]{section.23}{\376\377\000S\000e\000c\000u\000r\000e\000\040\000A\000u\000t\000h\000e\000n\000t\000i\000c\000a\000t\000i\000o\000n\000\040\000P\000r\000a\000c\000t\000i\000c\000e\000s}{}% 66
\BOOKMARK [2][-]{subsection.23.1}{\376\377\000C\000r\000e\000d\000e\000n\000t\000i\000a\000l\000\040\000S\000t\000u\000f\000f\000i\000n\000g\000\040\000i\000n\000\040\000D\000e\000t\000a\000i\000l}{section.23}% 67
\BOOKMARK [2][-]{subsection.23.2}{\376\377\000B\000r\000u\000t\000e\000\040\000F\000o\000r\000c\000e\000\040\000A\000t\000t\000a\000c\000k\000s\000\040\000a\000n\000d\000\040\000W\000e\000a\000k\000\040\000P\000a\000s\000s\000w\000o\000r\000d\000s}{section.23}% 68
\BOOKMARK [2][-]{subsection.23.3}{\376\377\000W\000e\000a\000k\000\040\000F\000o\000r\000g\000o\000t\000-\000P\000a\000s\000s\000w\000o\000r\000d\000\040\000P\000r\000o\000c\000e\000s\000s\000e\000s}{section.23}% 69
\BOOKMARK [2][-]{subsection.23.4}{\376\377\000P\000a\000s\000s\000w\000o\000r\000d\000\040\000S\000t\000o\000r\000a\000g\000e\000\040\000B\000e\000s\000t\000\040\000P\000r\000a\000c\000t\000i\000c\000e\000s}{section.23}% 70
\BOOKMARK [1][-]{section.24}{\376\377\000F\000i\000x\000i\000n\000g\000\040\000B\000r\000o\000k\000e\000n\000\040\000A\000u\000t\000h\000e\000n\000t\000i\000c\000a\000t\000i\000o\000n}{}% 71
\BOOKMARK [2][-]{subsection.24.1}{\376\377\000A\000d\000d\000r\000e\000s\000s\000i\000n\000g\000\040\000A\000u\000t\000h\000e\000n\000t\000i\000c\000a\000t\000i\000o\000n\000\040\000V\000u\000l\000n\000e\000r\000a\000b\000i\000l\000i\000t\000i\000e\000s}{section.24}% 72
\BOOKMARK [2][-]{subsection.24.2}{\376\377\000C\000r\000e\000d\000e\000n\000t\000i\000a\000l\000\040\000S\000t\000u\000f\000f\000i\000n\000g\000\040\000A\000t\000t\000a\000c\000k\000s}{section.24}% 73
\BOOKMARK [2][-]{subsection.24.3}{\376\377\000B\000r\000u\000t\000e\000\040\000F\000o\000r\000c\000e\000\040\000a\000n\000d\000\040\000W\000e\000a\000k\000\040\000P\000a\000s\000s\000w\000o\000r\000d\000\040\000A\000t\000t\000a\000c\000k\000s}{section.24}% 74
\BOOKMARK [2][-]{subsection.24.4}{\376\377\000W\000e\000a\000k\000\040\000F\000o\000r\000g\000o\000t\000-\000P\000a\000s\000s\000w\000o\000r\000d\000\040\000P\000r\000o\000c\000e\000s\000s\000e\000s}{section.24}% 75
\BOOKMARK [2][-]{subsection.24.5}{\376\377\000S\000e\000c\000u\000r\000e\000\040\000P\000a\000s\000s\000w\000o\000r\000d\000\040\000S\000t\000o\000r\000a\000g\000e}{section.24}% 76
\BOOKMARK [2][-]{subsection.24.6}{\376\377\000S\000e\000s\000s\000i\000o\000n\000\040\000M\000a\000n\000a\000g\000e\000m\000e\000n\000t}{section.24}% 77
\BOOKMARK [1][-]{section.25}{\376\377\000P\000a\000n\000e\000r\000a\000\040\000B\000r\000e\000a\000d\000\040\000a\000n\000d\000\040\000S\000o\000f\000t\000w\000a\000r\000e\000\040\000I\000n\000t\000e\000g\000r\000i\000t\000y}{}% 78
\BOOKMARK [2][-]{subsection.25.1}{\376\377\000T\000h\000e\000\040\000P\000a\000n\000e\000r\000a\000\040\000B\000r\000e\000a\000d\000\040\000I\000n\000c\000i\000d\000e\000n\000t}{section.25}% 79
\BOOKMARK [2][-]{subsection.25.2}{\376\377\000A\0000\0008\000:\000\040\000S\000o\000f\000t\000w\000a\000r\000e\000\040\000a\000n\000d\000\040\000D\000a\000t\000a\000\040\000I\000n\000t\000e\000g\000r\000i\000t\000y\000\040\000F\000a\000i\000l\000u\000r\000e\000s}{section.25}% 80
\BOOKMARK [2][-]{subsection.25.3}{\376\377\000U\000n\000d\000e\000r\000s\000t\000a\000n\000d\000i\000n\000g\000\040\000t\000h\000e\000\040\000R\000i\000s\000k\000s}{section.25}% 81
\BOOKMARK [2][-]{subsection.25.4}{\376\377\000P\000r\000e\000v\000e\000n\000t\000i\000n\000g\000\040\000I\000n\000t\000e\000g\000r\000i\000t\000y\000\040\000F\000a\000i\000l\000u\000r\000e\000s}{section.25}% 82
\BOOKMARK [2][-]{subsection.25.5}{\376\377\000A\000d\000d\000i\000t\000i\000o\000n\000a\000l\000\040\000P\000r\000e\000v\000e\000n\000t\000a\000t\000i\000v\000e\000\040\000M\000e\000a\000s\000u\000r\000e\000s}{section.25}% 83
\BOOKMARK [1][-]{section.26}{\376\377\000S\000e\000c\000u\000r\000i\000t\000y\000\040\000M\000o\000n\000i\000t\000o\000r\000i\000n\000g\000\040\000a\000n\000d\000\040\000L\000o\000g\000g\000i\000n\000g}{}% 84
\BOOKMARK [2][-]{subsection.26.1}{\376\377\000T\000h\000e\000\040\000I\000m\000p\000o\000r\000t\000a\000n\000c\000e\000\040\000o\000f\000\040\000A\0000\0009}{section.26}% 85
\BOOKMARK [2][-]{subsection.26.2}{\376\377\000L\000o\000g\000g\000i\000n\000g\000\040\000B\000e\000s\000t\000\040\000P\000r\000a\000c\000t\000i\000c\000e\000s}{section.26}% 86
\BOOKMARK [2][-]{subsection.26.3}{\376\377\000Q\000u\000e\000s\000t\000i\000o\000n\000s\000\040\000t\000o\000\040\000C\000o\000n\000s\000i\000d\000e\000r}{section.26}% 87
\BOOKMARK [2][-]{subsection.26.4}{\376\377\000W\000h\000a\000t\000\040\000N\000o\000t\000\040\000t\000o\000\040\000L\000o\000g}{section.26}% 88
\BOOKMARK [2][-]{subsection.26.5}{\376\377\000T\000y\000p\000e\000s\000\040\000o\000f\000\040\000L\000o\000g\000g\000i\000n\000g}{section.26}% 89
\BOOKMARK [1][-]{section.27}{\376\377\000L\000o\000g\000g\000i\000n\000g\000\040\000R\000u\000l\000e\000s\000\040\000a\000n\000d\000\040\000S\000e\000c\000u\000r\000i\000t\000y\000\040\000L\000o\000g\000g\000i\000n\000g}{}% 90
\BOOKMARK [2][-]{subsection.27.1}{\376\377\000I\000m\000p\000o\000r\000t\000a\000n\000c\000e\000\040\000o\000f\000\040\000L\000o\000g\000g\000i\000n\000g}{section.27}% 91
\BOOKMARK [2][-]{subsection.27.2}{\376\377\000L\000o\000g\000\040\000M\000a\000n\000a\000g\000e\000m\000e\000n\000t\000\040\000a\000n\000d\000\040\000T\000o\000o\000l\000s}{section.27}% 92
\BOOKMARK [2][-]{subsection.27.3}{\376\377\000S\000p\000e\000c\000i\000f\000i\000c\000\040\000L\000o\000g\000g\000i\000n\000g\000\040\000R\000e\000q\000u\000i\000r\000e\000m\000e\000n\000t\000s}{section.27}% 93
\BOOKMARK [1][-]{section.28}{\376\377\000M\000o\000n\000i\000t\000o\000r\000i\000n\000g\000\040\000a\000n\000d\000\040\000P\000r\000e\000v\000e\000n\000t\000i\000o\000n}{}% 94
\BOOKMARK [2][-]{subsection.28.1}{\376\377\000T\000h\000e\000\040\000V\000a\000l\000u\000e\000\040\000o\000f\000\040\000L\000o\000g\000\040\000R\000e\000v\000i\000e\000w}{section.28}% 95
\BOOKMARK [2][-]{subsection.28.2}{\376\377\000P\000r\000e\000v\000e\000n\000t\000a\000t\000i\000v\000e\000\040\000M\000e\000a\000s\000u\000r\000e\000s}{section.28}% 96
\BOOKMARK [2][-]{subsection.28.3}{\376\377\000A\000d\000v\000a\000n\000c\000e\000d\000\040\000P\000r\000e\000v\000e\000n\000t\000i\000o\000n\000\040\000T\000e\000c\000h\000n\000i\000q\000u\000e\000s}{section.28}% 97
\BOOKMARK [1][-]{section.29}{\376\377\000S\000e\000r\000v\000e\000r\000-\000S\000i\000d\000e\000\040\000R\000e\000q\000u\000e\000s\000t\000\040\000F\000o\000r\000g\000e\000r\000y\000\040\000\050\000S\000S\000R\000F\000\051}{}% 98
\BOOKMARK [2][-]{subsection.29.1}{\376\377\000I\000n\000t\000r\000o\000d\000u\000c\000t\000i\000o\000n\000\040\000t\000o\000\040\000S\000S\000R\000F}{section.29}% 99
\BOOKMARK [2][-]{subsection.29.2}{\376\377\000H\000o\000w\000\040\000S\000S\000R\000F\000\040\000W\000o\000r\000k\000s}{section.29}% 100
\BOOKMARK [2][-]{subsection.29.3}{\376\377\000P\000r\000e\000v\000e\000n\000t\000i\000n\000g\000\040\000S\000S\000R\000F}{section.29}% 101
